s:\apps\dual_test\fionavolume\x64\release\fionavolume.obj
s:\apps\dual_test\fionavolume\x64\release\aabb.obj
s:\apps\dual_test\fionavolume\x64\release\beaddetection.obj
s:\apps\dual_test\fionavolume\x64\release\config.obj
s:\apps\dual_test\fionavolume\x64\release\framebuffer.obj
s:\apps\dual_test\fionavolume\x64\release\geometryimage.obj
s:\apps\dual_test\fionavolume\x64\release\interactionvolume.obj
s:\apps\dual_test\fionavolume\x64\release\layout.obj
s:\apps\dual_test\fionavolume\x64\release\orbitcamera.obj
s:\apps\dual_test\fionavolume\x64\release\ray.obj
s:\apps\dual_test\fionavolume\x64\release\shader.obj
s:\apps\dual_test\fionavolume\x64\release\simplepointcloud.obj
s:\apps\dual_test\fionavolume\x64\release\spimstack.obj
s:\apps\dual_test\fionavolume\x64\release\stackregistration.obj
s:\apps\dual_test\fionavolume\x64\release\stacktransformationsolver.obj
s:\apps\dual_test\fionavolume\x64\release\threshold.obj
s:\apps\dual_test\fionavolume\x64\release\tinyxml2.obj
s:\apps\dual_test\fionavolume\x64\release\widget.obj
s:\apps\dual_test\fionavolume\x64\release\main.obj
s:\apps\dual_test\fionavolume\x64\release\vc120.pdb
s:\apps\dual_test\fionavolume\x64\release\fionavolume.tlog\cl.command.1.tlog
s:\apps\dual_test\fionavolume\x64\release\fionavolume.tlog\cl.read.1.tlog
s:\apps\dual_test\fionavolume\x64\release\fionavolume.tlog\cl.write.1.tlog
